Arguments: 
  /home/ezrahuang/Projects/emscripten/node/14.18.2_64bit/bin/node /home/ezrahuang/.local/share/nvm/v16.18.1/bin/yarn install

PATH: 
  /home/ezrahuang/.local/bin/platform-tools:/home/ezrahuang/Projects/emscripten:/home/ezrahuang/Projects/emscripten/upstream/emscripten:/home/ezrahuang/Projects/emscripten/node/14.18.2_64bit/bin:/home/ezrahuang/.vscode-server/bin/b7886d7461186a5eac768481578c1d7ca80e2d21/bin/remote-cli:/home/ezrahuang/.local/bin/platform-tools:/home/ezrahuang/.local/share/nvm/v16.18.1/bin:/home/ezrahuang/.local/bin:/home/ezrahuang/miniconda3/bin:/home/ezrahuang/miniconda3/condabin:/usr/local/sbin:/usr/local/bin:/usr/sbin:/usr/bin:/sbin:/bin:/usr/games:/usr/local/games:/usr/lib/wsl/lib:/mnt/c/Program Files/Eclipse Adoptium/jdk-17.0.6.10-hotspot/bin:/mnt/c/Program Files/AdoptOpenJDK/jre-8.0.212.04-openj9/bin:/mnt/c/Windows/system32:/mnt/c/Windows:/mnt/c/Windows/System32/Wbem:/mnt/c/Windows/System32/WindowsPowerShell/v1.0:/mnt/c/Windows/System32/OpenSSH:/mnt/c/Program Files (x86)/NVIDIA Corporation/PhysX/Common:/mnt/c/Program Files/NVIDIA Corporation/NVIDIA NvDLISR:/mnt/c/WINDOWS/system32:/mnt/c/WINDOWS:/mnt/c/WINDOWS/System32/Wbem:/mnt/c/WINDOWS/System32/WindowsPowerShell/v1.0:/mnt/c/WINDOWS/System32/OpenSSH:/mnt/c/Program Files/Docker/Docker/resources/bin:/mnt/c/Users/Ezra/AppData/Local/Microsoft/WindowsApps:/mnt/c/Users/Ezra/AppData/Local/Programs/Microsoft VS Code/bin:/mnt/c/Users/Ezra/AppData/Local/Programs/MiKTeX/miktex/bin/x64:/snap/bin

Yarn version: 
  1.22.19

Node version: 
  14.18.2

Platform: 
  linux x64

Trace: 
  SyntaxError: /home/ezrahuang/Projects/translator/package.json: Unexpected token } in JSON at position 155
      at JSON.parse (<anonymous>)
      at /home/ezrahuang/.local/share/nvm/v16.18.1/lib/node_modules/yarn/lib/cli.js:1629:59
      at Generator.next (<anonymous>)
      at step (/home/ezrahuang/.local/share/nvm/v16.18.1/lib/node_modules/yarn/lib/cli.js:310:30)
      at /home/ezrahuang/.local/share/nvm/v16.18.1/lib/node_modules/yarn/lib/cli.js:321:13

npm manifest: 
  {
    "name": "translator",
    "version": "1.0.0",
    "main": "index.js",
    "license": "MIT",
    "type": "module",
    "dependencies": {
      "axios": "^1.3.5",
    },
    "devDependencies": { }
  }

yarn manifest: 
  No manifest

Lockfile: 
  No lockfile
